  main.cpp
c:\users\adnmuin\onedrive\inf\platformowka\platformowka\main.cpp(188): warning C4244: "argument": konwersja z "time_t" do "unsigned int", możliwa utrata danych
c:\users\adnmuin\onedrive\inf\platformowka\platformowka\main.cpp(207): warning C4244: "argument": konwersja z "time_t" do "unsigned int", możliwa utrata danych
c:\users\adnmuin\onedrive\inf\platformowka\platformowka\main.cpp(262): warning C4244: "argument": konwersja z "time_t" do "unsigned int", możliwa utrata danych
c:\users\adnmuin\onedrive\inf\platformowka\platformowka\main.cpp(281): warning C4244: "argument": konwersja z "time_t" do "unsigned int", możliwa utrata danych
c:\users\adnmuin\onedrive\inf\platformowka\platformowka\main.cpp(304): warning C4244: "argument": konwersja z "time_t" do "unsigned int", możliwa utrata danych
d:\microsoft visual studio\2017\community\vc\tools\msvc\14.11.25503\include\xmemory0(856): warning C4244: "argument": konwersja z "int" do "float", możliwa utrata danych
  d:\microsoft visual studio\2017\community\vc\tools\msvc\14.11.25503\include\vector(958): note: zobacz odwołanie do funkcji szablon; wystąpienie „void std::_Default_allocator_traits<_Alloc>::construct<_Ty,int,int,int,int>(_Alloc &,_Objty *const ,int &&,int &&,int &&,int &&)” jest kompilowane
          with
          [
              _Alloc=std::allocator<wall>,
              _Ty=wall,
              _Objty=wall
          ]
  d:\microsoft visual studio\2017\community\vc\tools\msvc\14.11.25503\include\vector(958): note: zobacz odwołanie do funkcji szablon; wystąpienie „void std::_Default_allocator_traits<_Alloc>::construct<_Ty,int,int,int,int>(_Alloc &,_Objty *const ,int &&,int &&,int &&,int &&)” jest kompilowane
          with
          [
              _Alloc=std::allocator<wall>,
              _Ty=wall,
              _Objty=wall
          ]
  c:\users\adnmuin\onedrive\inf\platformowka\platformowka\main.cpp(142): note: zobacz odwołanie do funkcji szablon; wystąpienie „void std::vector<wall,std::allocator<_Ty>>::emplace_back<int,int,int,int>(int &&,int &&,int &&,int &&)” jest kompilowane
          with
          [
              _Ty=wall
          ]
d:\microsoft visual studio\2017\community\vc\tools\msvc\14.11.25503\include\xmemory0(856): warning C4244: "argument": konwersja z "double" do "float", możliwa utrata danych
  Platformowka.vcxproj -> C:\Users\adnmuin\OneDrive\INF\Platformowka\x64\Debug\Platformowka.exe
